[15:18:34.441][INFO]: Successfully injected RecipeFS file system
[15:18:34.704][INFO]: Successfully identified and loaded plugin crafttweaker:builtin
[15:18:34.712][INFO]: Successfully identified and loaded plugin crafttweaker:builtin_forge
[15:18:34.718][INFO]: Successfully identified and loaded plugin farmersdelight:crafttweaker_plugin
[15:18:39.897][INFO]: The following mods have explicit CraftTweaker support through the default plugin:
[15:18:39.904][INFO]: - 'aether' at version '1.19.2-1.4.2-forge'
[15:18:39.904][INFO]: - 'aquaculture' at version '1.19.2-2.4.17'
[15:18:39.904][INFO]: - 'crafttweaker' at version '10.1.56'
[15:18:39.904][INFO]: - 'farmersdelight' at version '1.19.2-1.2.4'
[15:18:39.904][INFO]: - 'gamestages' at version '11.1.4'
[15:18:39.904][INFO]: - 'itemstages' at version '5.1.4'
[15:19:05.472][INFO]: Started loading scripts for loader 'initialize'
[15:19:07.020][INFO]: Compiling and executing scripts
[15:19:07.167][INFO]: Successfully initialized modules [crafttweaker, expansions]
[15:19:07.693][INFO]: Execution for loader 'initialize' completed successfully
[15:20:26.540][INFO]: Started loading scripts for loader 'tags'
[15:20:26.559][INFO]: Compiling and executing scripts
[15:20:26.574][INFO]: Successfully initialized modules [crafttweaker, expansions]
[15:20:26.582][INFO]: Execution for loader 'tags' completed successfully
[15:20:29.984][INFO]: Started loading scripts for loader 'crafttweaker'
[15:20:29.997][INFO]: Compiling and executing scripts
[15:20:30.440][INFO]: Successfully initialized modules [mods, crafttweaker, expansions]
[15:20:30.441][INFO]: Loading file 'Cisco.zs' with priority 0
[15:20:30.462][INFO]: Hello world!
[15:20:30.469][INFO]: Adding 'minecraft:smithing' recipe, with name: 'crafttweaker:dreadsteel_chestplate' that outputs: '<item:dreadsteel:dreadsteel_chestplate>'
[15:20:30.470][INFO]: Adding 'minecraft:smithing' recipe, with name: 'crafttweaker:dreadsteel_helmet' that outputs: '<item:dreadsteel:dreadsteel_helmet>'
[15:20:30.472][INFO]: Adding 'minecraft:smithing' recipe, with name: 'crafttweaker:dreadsteel_boots' that outputs: '<item:dreadsteel:dreadsteel_boots>'
[15:20:30.472][INFO]: Adding 'minecraft:smithing' recipe, with name: 'crafttweaker:dreadsteel_leggings' that outputs: '<item:dreadsteel:dreadsteel_leggings>'
[15:20:30.473][INFO]: Adding 'minecraft:crafting' recipe, of type: "shapeless", with name: 'crafttweaker:dreadsteel_ingot_recipe' that outputs: '<item:dreadsteel:dreadsteel_ingot>'
[15:20:30.474][INFO]: Adding 'minecraft:crafting' recipe, of type: "shapeless", with name: 'crafttweaker:dreadsteel_scythe_recipe' that outputs: '<item:dreadsteel:dreadsteel_scythe>'
[15:20:30.474][INFO]: Adding 'minecraft:crafting' recipe, of type: "shapeless", with name: 'crafttweaker:dreadsteel_shield_recipe' that outputs: '<item:dreadsteel:dreadsteel_shield>'
[15:20:30.476][INFO]: Removing "minecraft:crafting" recipes with modid: "dreadsteel"
[15:20:30.478][INFO]: Adding 'minecraft:crafting' recipe, of type: "shapeless", with name: 'crafttweaker:amnesia_scroll' that outputs: '<item:skilltree:amnesia_scroll>'
[15:20:30.478][INFO]: Adding 'minecraft:crafting' recipe, of type: "shapeless", with name: 'crafttweaker:true_dragons_breath' that outputs: '<item:cisco_mod:true_dragons_breath>'
[15:20:30.484][INFO]: Adding 'minecraft:crafting' recipe, of type: "shapeless", with name: 'crafttweaker:rogue_eye' that outputs: '<item:endrem:rogue_eye>.withTag({Damage: 0})'
[15:20:30.484][INFO]: Adding 'minecraft:crafting' recipe, of type: "shapeless", with name: 'crafttweaker:undead_soul' that outputs: '<item:endrem:undead_soul>'
[15:20:30.484][INFO]: Adding 'minecraft:crafting' recipe, of type: "shapeless", with name: 'crafttweaker:demonium_ingot_recipe' that outputs: '<item:cisco_mod:demonium_ingot>'
[15:20:30.486][INFO]: Adding 'minecraft:crafting' recipe, of type: "shapeless", with name: 'crafttweaker:frigidium_ingot_recipe' that outputs: '<item:cisco_mod:frigidiumingot>'
[15:20:30.486][INFO]: Execution for loader 'crafttweaker' completed successfully
[15:21:20.604][INFO]: Started loading scripts for loader 'tags'
[15:21:20.605][INFO]: Undoing previous actions
[15:21:20.615][INFO]: Compiling and executing scripts
[15:21:20.617][INFO]: Successfully initialized modules [crafttweaker, expansions]
[15:21:20.619][INFO]: Execution for loader 'tags' completed successfully
[15:21:22.678][INFO]: Started loading scripts for loader 'crafttweaker'
[15:21:22.678][INFO]: Undoing previous actions
[15:21:22.687][INFO]: Compiling and executing scripts
[15:21:22.742][INFO]: Successfully initialized modules [mods, crafttweaker, expansions]
[15:21:22.743][INFO]: Loading file 'Cisco.zs' with priority 0
[15:21:22.751][INFO]: Hello world!
[15:21:22.753][INFO]: Adding 'minecraft:smithing' recipe, with name: 'crafttweaker:dreadsteel_chestplate' that outputs: '<item:dreadsteel:dreadsteel_chestplate>'
[15:21:22.753][INFO]: Adding 'minecraft:smithing' recipe, with name: 'crafttweaker:dreadsteel_helmet' that outputs: '<item:dreadsteel:dreadsteel_helmet>'
[15:21:22.753][INFO]: Adding 'minecraft:smithing' recipe, with name: 'crafttweaker:dreadsteel_boots' that outputs: '<item:dreadsteel:dreadsteel_boots>'
[15:21:22.753][INFO]: Adding 'minecraft:smithing' recipe, with name: 'crafttweaker:dreadsteel_leggings' that outputs: '<item:dreadsteel:dreadsteel_leggings>'
[15:21:22.753][INFO]: Adding 'minecraft:crafting' recipe, of type: "shapeless", with name: 'crafttweaker:dreadsteel_ingot_recipe' that outputs: '<item:dreadsteel:dreadsteel_ingot>'
[15:21:22.753][INFO]: Adding 'minecraft:crafting' recipe, of type: "shapeless", with name: 'crafttweaker:dreadsteel_scythe_recipe' that outputs: '<item:dreadsteel:dreadsteel_scythe>'
[15:21:22.753][INFO]: Adding 'minecraft:crafting' recipe, of type: "shapeless", with name: 'crafttweaker:dreadsteel_shield_recipe' that outputs: '<item:dreadsteel:dreadsteel_shield>'
[15:21:22.753][INFO]: Removing "minecraft:crafting" recipes with modid: "dreadsteel"
[15:21:22.755][INFO]: Adding 'minecraft:crafting' recipe, of type: "shapeless", with name: 'crafttweaker:amnesia_scroll' that outputs: '<item:skilltree:amnesia_scroll>'
[15:21:22.755][INFO]: Adding 'minecraft:crafting' recipe, of type: "shapeless", with name: 'crafttweaker:true_dragons_breath' that outputs: '<item:cisco_mod:true_dragons_breath>'
[15:21:22.755][INFO]: Adding 'minecraft:crafting' recipe, of type: "shapeless", with name: 'crafttweaker:rogue_eye' that outputs: '<item:endrem:rogue_eye>.withTag({Damage: 0})'
[15:21:22.755][INFO]: Adding 'minecraft:crafting' recipe, of type: "shapeless", with name: 'crafttweaker:undead_soul' that outputs: '<item:endrem:undead_soul>'
[15:21:22.755][INFO]: Adding 'minecraft:crafting' recipe, of type: "shapeless", with name: 'crafttweaker:demonium_ingot_recipe' that outputs: '<item:cisco_mod:demonium_ingot>'
[15:21:22.757][INFO]: Adding 'minecraft:crafting' recipe, of type: "shapeless", with name: 'crafttweaker:frigidium_ingot_recipe' that outputs: '<item:cisco_mod:frigidiumingot>'
[15:21:22.757][INFO]: Execution for loader 'crafttweaker' completed successfully
